{"uuid":"6c3383bc-09e9-44da-b2c0-b21262b74f81","historyId":"4f8ef0d932ffa3e43b8100e9df1ff487","testCaseId":"[engine:junit-platform-suite]/[suite:runner.Runner]/[engine:cucumber]/[feature:classpath%3Afeatures%2F%2FAlarmeTest.feature]/[scenario:8]","testCaseName":"Adicionar novo alarme","fullName":"features//AlarmeTest.feature:8","labels":[{"name":"junit.platform.uniqueid","value":"[engine:junit-platform-suite]/[suite:runner.Runner]/[engine:cucumber]/[feature:classpath%3Afeatures%2F%2FAlarmeTest.feature]/[scenario:8]"},{"name":"host","value":"DESKTOP-8TBGTD1"},{"name":"thread","value":"4824@DESKTOP-8TBGTD1.main(1)"},{"name":"framework","value":"junit-platform"},{"name":"language","value":"java"}],"links":[],"name":"Adicionar novo alarme","status":"broken","statusDetails":{"known":false,"muted":false,"flaky":false,"message":"java.lang.RuntimeException: org.openqa.selenium.SessionNotCreatedException: Unable to create a new remote session. Please check the server log for more details. Original error: All non-standard capabilities should have a vendor prefix. The following capabilities did not have one: ignoreHiddenApiPolicyError\nBuild info: version: '3.141.59', revision: 'e82be7d358', time: '2018-11-14T08:17:03'\nSystem info: host: 'DESKTOP-8TBGTD1', ip: '192.168.1.14', os.name: 'Windows 10', os.arch: 'amd64', os.version: '10.0', java.version: '1.8.0_202'\nDriver info: driver.version: AppiumDriver\nremote stacktrace: InvalidArgumentError: All non-standard capabilities should have a vendor prefix. The following capabilities did not have one: ignoreHiddenApiPolicyError\n    at parseCaps (C:\\Users\\Jacoc\\AppData\\Roaming\\npm\\node_modules\\appium\\node_modules\\@appium\\base-driver\\lib\\basedriver\\capabilities.js:252:11)\n    at processCapabilities (C:\\Users\\Jacoc\\AppData\\Roaming\\npm\\node_modules\\appium\\node_modules\\@appium\\base-driver\\lib\\basedriver\\capabilities.js:332:43)\n    at parseCapsForInnerDriver (C:\\Users\\Jacoc\\AppData\\Roaming\\npm\\node_modules\\appium\\lib\\utils.js:151:40)\n    at AppiumDriver.createSession (C:\\Users\\Jacoc\\AppData\\Roaming\\npm\\node_modules\\appium\\lib\\appium.js:257:49)\n    at commandExecutor (C:\\Users\\Jacoc\\AppData\\Roaming\\npm\\node_modules\\appium\\node_modules\\@appium\\base-driver\\lib\\basedriver\\driver.ts:107:18)\n    at AppiumDriver.executeCommand (C:\\Users\\Jacoc\\AppData\\Roaming\\npm\\node_modules\\appium\\node_modules\\@appium\\base-driver\\lib\\basedriver\\driver.ts:124:15)\n    at processTicksAndRejections (node:internal/process/task_queues:95:5)\n    at defaultBehavior (C:\\Users\\Jacoc\\AppData\\Roaming\\npm\\node_modules\\appium\\lib\\appium.js:696:16)\n    at AppiumDriver.executeWrappedCommand (C:\\Users\\Jacoc\\AppData\\Roaming\\npm\\node_modules\\appium\\lib\\appium.js:806:16)\n    at AppiumDriver.executeCommand (C:\\Users\\Jacoc\\AppData\\Roaming\\npm\\node_modules\\appium\\lib\\appium.js:712:17)\n    at asyncHandler (C:\\Users\\Jacoc\\AppData\\Roaming\\npm\\node_modules\\appium\\node_modules\\@appium\\base-driver\\lib\\protocol\\protocol.js:393:19)\nBuild info: version: '3.141.59', revision: 'e82be7d358', time: '2018-11-14T08:17:03'\nSystem info: host: 'DESKTOP-8TBGTD1', ip: '192.168.1.14', os.name: 'Windows 10', os.arch: 'amd64', os.version: '10.0', java.version: '1.8.0_202'\nDriver info: driver.version: AppiumDriver","trace":"java.lang.RuntimeException: java.lang.RuntimeException: org.openqa.selenium.SessionNotCreatedException: Unable to create a new remote session. Please check the server log for more details. Original error: All non-standard capabilities should have a vendor prefix. The following capabilities did not have one: ignoreHiddenApiPolicyError\nBuild info: version: '3.141.59', revision: 'e82be7d358', time: '2018-11-14T08:17:03'\nSystem info: host: 'DESKTOP-8TBGTD1', ip: '192.168.1.14', os.name: 'Windows 10', os.arch: 'amd64', os.version: '10.0', java.version: '1.8.0_202'\nDriver info: driver.version: AppiumDriver\nremote stacktrace: InvalidArgumentError: All non-standard capabilities should have a vendor prefix. The following capabilities did not have one: ignoreHiddenApiPolicyError\n    at parseCaps (C:\\Users\\Jacoc\\AppData\\Roaming\\npm\\node_modules\\appium\\node_modules\\@appium\\base-driver\\lib\\basedriver\\capabilities.js:252:11)\n    at processCapabilities (C:\\Users\\Jacoc\\AppData\\Roaming\\npm\\node_modules\\appium\\node_modules\\@appium\\base-driver\\lib\\basedriver\\capabilities.js:332:43)\n    at parseCapsForInnerDriver (C:\\Users\\Jacoc\\AppData\\Roaming\\npm\\node_modules\\appium\\lib\\utils.js:151:40)\n    at AppiumDriver.createSession (C:\\Users\\Jacoc\\AppData\\Roaming\\npm\\node_modules\\appium\\lib\\appium.js:257:49)\n    at commandExecutor (C:\\Users\\Jacoc\\AppData\\Roaming\\npm\\node_modules\\appium\\node_modules\\@appium\\base-driver\\lib\\basedriver\\driver.ts:107:18)\n    at AppiumDriver.executeCommand (C:\\Users\\Jacoc\\AppData\\Roaming\\npm\\node_modules\\appium\\node_modules\\@appium\\base-driver\\lib\\basedriver\\driver.ts:124:15)\n    at processTicksAndRejections (node:internal/process/task_queues:95:5)\n    at defaultBehavior (C:\\Users\\Jacoc\\AppData\\Roaming\\npm\\node_modules\\appium\\lib\\appium.js:696:16)\n    at AppiumDriver.executeWrappedCommand (C:\\Users\\Jacoc\\AppData\\Roaming\\npm\\node_modules\\appium\\lib\\appium.js:806:16)\n    at AppiumDriver.executeCommand (C:\\Users\\Jacoc\\AppData\\Roaming\\npm\\node_modules\\appium\\lib\\appium.js:712:17)\n    at asyncHandler (C:\\Users\\Jacoc\\AppData\\Roaming\\npm\\node_modules\\appium\\node_modules\\@appium\\base-driver\\lib\\protocol\\protocol.js:393:19)\nBuild info: version: '3.141.59', revision: 'e82be7d358', time: '2018-11-14T08:17:03'\nSystem info: host: 'DESKTOP-8TBGTD1', ip: '192.168.1.14', os.name: 'Windows 10', os.arch: 'amd64', os.version: '10.0', java.version: '1.8.0_202'\nDriver info: driver.version: AppiumDriver\r\n\tat screen.MasterScreenFactory.getPage(MasterScreenFactory.java:26)\r\n\tat actions.AlarmeActions.alarmeScreen(AlarmeActions.java:9)\r\n\tat actions.AlarmeActions.validarPagina(AlarmeActions.java:13)\r\n\tat steps.AlarmeSteps.que_o_usuario_esteja_na_aba_de_alarmes(AlarmeSteps.java:12)\r\n\tat âœ½.que o usuario esteja na aba de alarmes(classpath:features//AlarmeTest.feature:9)\r\nCaused by: java.lang.RuntimeException: org.openqa.selenium.SessionNotCreatedException: Unable to create a new remote session. Please check the server log for more details. Original error: All non-standard capabilities should have a vendor prefix. The following capabilities did not have one: ignoreHiddenApiPolicyError\nBuild info: version: '3.141.59', revision: 'e82be7d358', time: '2018-11-14T08:17:03'\nSystem info: host: 'DESKTOP-8TBGTD1', ip: '192.168.1.14', os.name: 'Windows 10', os.arch: 'amd64', os.version: '10.0', java.version: '1.8.0_202'\nDriver info: driver.version: AppiumDriver\nremote stacktrace: InvalidArgumentError: All non-standard capabilities should have a vendor prefix. The following capabilities did not have one: ignoreHiddenApiPolicyError\n    at parseCaps (C:\\Users\\Jacoc\\AppData\\Roaming\\npm\\node_modules\\appium\\node_modules\\@appium\\base-driver\\lib\\basedriver\\capabilities.js:252:11)\n    at processCapabilities (C:\\Users\\Jacoc\\AppData\\Roaming\\npm\\node_modules\\appium\\node_modules\\@appium\\base-driver\\lib\\basedriver\\capabilities.js:332:43)\n    at parseCapsForInnerDriver (C:\\Users\\Jacoc\\AppData\\Roaming\\npm\\node_modules\\appium\\lib\\utils.js:151:40)\n    at AppiumDriver.createSession (C:\\Users\\Jacoc\\AppData\\Roaming\\npm\\node_modules\\appium\\lib\\appium.js:257:49)\n    at commandExecutor (C:\\Users\\Jacoc\\AppData\\Roaming\\npm\\node_modules\\appium\\node_modules\\@appium\\base-driver\\lib\\basedriver\\driver.ts:107:18)\n    at AppiumDriver.executeCommand (C:\\Users\\Jacoc\\AppData\\Roaming\\npm\\node_modules\\appium\\node_modules\\@appium\\base-driver\\lib\\basedriver\\driver.ts:124:15)\n    at processTicksAndRejections (node:internal/process/task_queues:95:5)\n    at defaultBehavior (C:\\Users\\Jacoc\\AppData\\Roaming\\npm\\node_modules\\appium\\lib\\appium.js:696:16)\n    at AppiumDriver.executeWrappedCommand (C:\\Users\\Jacoc\\AppData\\Roaming\\npm\\node_modules\\appium\\lib\\appium.js:806:16)\n    at AppiumDriver.executeCommand (C:\\Users\\Jacoc\\AppData\\Roaming\\npm\\node_modules\\appium\\lib\\appium.js:712:17)\n    at asyncHandler (C:\\Users\\Jacoc\\AppData\\Roaming\\npm\\node_modules\\appium\\node_modules\\@appium\\base-driver\\lib\\protocol\\protocol.js:393:19)\nBuild info: version: '3.141.59', revision: 'e82be7d358', time: '2018-11-14T08:17:03'\nSystem info: host: 'DESKTOP-8TBGTD1', ip: '192.168.1.14', os.name: 'Windows 10', os.arch: 'amd64', os.version: '10.0', java.version: '1.8.0_202'\nDriver info: driver.version: AppiumDriver\r\n\tat helper.AppiumDriverHelper.generateDriver(AppiumDriverHelper.java:86)\r\n\tat helper.AppiumDriverHelper.getDriver(AppiumDriverHelper.java:50)\r\n\tat screen.MasterScreenFactory.getPage(MasterScreenFactory.java:22)\r\n\tat actions.AlarmeActions.alarmeScreen(AlarmeActions.java:9)\r\n\tat actions.AlarmeActions.validarPagina(AlarmeActions.java:13)\r\n\tat steps.AlarmeSteps.que_o_usuario_esteja_na_aba_de_alarmes(AlarmeSteps.java:12)\r\n\tat sun.reflect.NativeMethodAccessorImpl.invoke0(Native Method)\r\n\tat sun.reflect.NativeMethodAccessorImpl.invoke(NativeMethodAccessorImpl.java:62)\r\n\tat sun.reflect.DelegatingMethodAccessorImpl.invoke(DelegatingMethodAccessorImpl.java:43)\r\n\tat java.lang.reflect.Method.invoke(Method.java:498)\r\n\tat io.cucumber.java.Invoker.doInvoke(Invoker.java:66)\r\n\tat io.cucumber.java.Invoker.invoke(Invoker.java:24)\r\n\tat io.cucumber.java.AbstractGlueDefinition.invokeMethod(AbstractGlueDefinition.java:47)\r\n\tat io.cucumber.java.JavaStepDefinition.execute(JavaStepDefinition.java:29)\r\n\tat io.cucumber.core.runner.CoreStepDefinition.execute(CoreStepDefinition.java:66)\r\n\tat io.cucumber.core.runner.PickleStepDefinitionMatch.runStep(PickleStepDefinitionMatch.java:63)\r\n\tat io.cucumber.core.runner.ExecutionMode$1.execute(ExecutionMode.java:10)\r\n\tat io.cucumber.core.runner.TestStep.executeStep(TestStep.java:85)\r\n\tat io.cucumber.core.runner.TestStep.run(TestStep.java:57)\r\n\tat io.cucumber.core.runner.PickleStepTestStep.run(PickleStepTestStep.java:51)\r\n\tat io.cucumber.core.runner.TestCase.run(TestCase.java:84)\r\n\tat io.cucumber.core.runner.Runner.runPickle(Runner.java:75)\r\n\tat io.cucumber.junit.platform.engine.CucumberEngineExecutionContext.lambda$runTestCase$4(CucumberEngineExecutionContext.java:112)\r\n\tat io.cucumber.core.runtime.CucumberExecutionContext.lambda$runTestCase$5(CucumberExecutionContext.java:129)\r\n\tat io.cucumber.core.runtime.RethrowingThrowableCollector.executeAndThrow(RethrowingThrowableCollector.java:23)\r\n\tat io.cucumber.core.runtime.CucumberExecutionContext.runTestCase(CucumberExecutionContext.java:129)\r\n\tat io.cucumber.junit.platform.engine.CucumberEngineExecutionContext.runTestCase(CucumberEngineExecutionContext.java:109)\r\n\tat io.cucumber.junit.platform.engine.NodeDescriptor$PickleDescriptor.execute(NodeDescriptor.java:164)\r\n\tat io.cucumber.junit.platform.engine.NodeDescriptor$PickleDescriptor.execute(NodeDescriptor.java:90)\r\n\tat org.junit.platform.engine.support.hierarchical.NodeTestTask.lambda$executeRecursively$6(NodeTestTask.java:151)\r\n\tat org.junit.platform.engine.support.hierarchical.ThrowableCollector.execute(ThrowableCollector.java:73)\r\n\tat org.junit.platform.engine.support.hierarchical.NodeTestTask.lambda$executeRecursively$8(NodeTestTask.java:141)\r\n\tat org.junit.platform.engine.support.hierarchical.Node.around(Node.java:137)\r\n\tat org.junit.platform.engine.support.hierarchical.NodeTestTask.lambda$executeRecursively$9(NodeTestTask.java:139)\r\n\tat org.junit.platform.engine.support.hierarchical.ThrowableCollector.execute(ThrowableCollector.java:73)\r\n\tat org.junit.platform.engine.support.hierarchical.NodeTestTask.executeRecursively(NodeTestTask.java:138)\r\n\tat org.junit.platform.engine.support.hierarchical.NodeTestTask.execute(NodeTestTask.java:95)\r\n\tat java.util.ArrayList.forEach(ArrayList.java:1257)\r\n\tat org.junit.platform.engine.support.hierarchical.SameThreadHierarchicalTestExecutorService.invokeAll(SameThreadHierarchicalTestExecutorService.java:41)\r\n\tat org.junit.platform.engine.support.hierarchical.NodeTestTask.lambda$executeRecursively$6(NodeTestTask.java:155)\r\n\tat org.junit.platform.engine.support.hierarchical.ThrowableCollector.execute(ThrowableCollector.java:73)\r\n\tat org.junit.platform.engine.support.hierarchical.NodeTestTask.lambda$executeRecursively$8(NodeTestTask.java:141)\r\n\tat org.junit.platform.engine.support.hierarchical.Node.around(Node.java:137)\r\n\tat org.junit.platform.engine.support.hierarchical.NodeTestTask.lambda$executeRecursively$9(NodeTestTask.java:139)\r\n\tat org.junit.platform.engine.support.hierarchical.ThrowableCollector.execute(ThrowableCollector.java:73)\r\n\tat org.junit.platform.engine.support.hierarchical.NodeTestTask.executeRecursively(NodeTestTask.java:138)\r\n\tat org.junit.platform.engine.support.hierarchical.NodeTestTask.execute(NodeTestTask.java:95)\r\n\tat java.util.ArrayList.forEach(ArrayList.java:1257)\r\n\tat org.junit.platform.engine.support.hierarchical.SameThreadHierarchicalTestExecutorService.invokeAll(SameThreadHierarchicalTestExecutorService.java:41)\r\n\tat org.junit.platform.engine.support.hierarchical.NodeTestTask.lambda$executeRecursively$6(NodeTestTask.java:155)\r\n\tat org.junit.platform.engine.support.hierarchical.ThrowableCollector.execute(ThrowableCollector.java:73)\r\n\tat org.junit.platform.engine.support.hierarchical.NodeTestTask.lambda$executeRecursively$8(NodeTestTask.java:141)\r\n\tat org.junit.platform.engine.support.hierarchical.Node.around(Node.java:137)\r\n\tat org.junit.platform.engine.support.hierarchical.NodeTestTask.lambda$executeRecursively$9(NodeTestTask.java:139)\r\n\tat org.junit.platform.engine.support.hierarchical.ThrowableCollector.execute(ThrowableCollector.java:73)\r\n\tat org.junit.platform.engine.support.hierarchical.NodeTestTask.executeRecursively(NodeTestTask.java:138)\r\n\tat org.junit.platform.engine.support.hierarchical.NodeTestTask.execute(NodeTestTask.java:95)\r\n\tat org.junit.platform.engine.support.hierarchical.SameThreadHierarchicalTestExecutorService.submit(SameThreadHierarchicalTestExecutorService.java:35)\r\n\tat org.junit.platform.engine.support.hierarchical.HierarchicalTestExecutor.execute(HierarchicalTestExecutor.java:57)\r\n\tat org.junit.platform.engine.support.hierarchical.HierarchicalTestEngine.execute(HierarchicalTestEngine.java:54)\r\n\tat org.junit.platform.launcher.core.EngineExecutionOrchestrator.execute(EngineExecutionOrchestrator.java:147)\r\n\tat org.junit.platform.launcher.core.EngineExecutionOrchestrator.execute(EngineExecutionOrchestrator.java:127)\r\n\tat org.junit.platform.launcher.core.EngineExecutionOrchestrator.execute(EngineExecutionOrchestrator.java:90)\r\n\tat org.junit.platform.launcher.core.EngineExecutionOrchestrator.execute(EngineExecutionOrchestrator.java:73)\r\n\tat org.junit.platform.suite.engine.SuiteLauncher.execute(SuiteLauncher.java:63)\r\n\tat org.junit.platform.suite.engine.SuiteTestDescriptor.execute(SuiteTestDescriptor.java:150)\r\n\tat org.junit.platform.suite.engine.SuiteTestEngine.lambda$execute$0(SuiteTestEngine.java:73)\r\n\tat java.util.stream.ForEachOps$ForEachOp$OfRef.accept(ForEachOps.java:184)\r\n\tat java.util.stream.ReferencePipeline$3$1.accept(ReferencePipeline.java:193)\r\n\tat java.util.Iterator.forEachRemaining(Iterator.java:116)\r\n\tat java.util.Spliterators$IteratorSpliterator.forEachRemaining(Spliterators.java:1801)\r\n\tat java.util.stream.AbstractPipeline.copyInto(AbstractPipeline.java:481)\r\n\tat java.util.stream.AbstractPipeline.wrapAndCopyInto(AbstractPipeline.java:471)\r\n\tat java.util.stream.ForEachOps$ForEachOp.evaluateSequential(ForEachOps.java:151)\r\n\tat java.util.stream.ForEachOps$ForEachOp$OfRef.evaluateSequential(ForEachOps.java:174)\r\n\tat java.util.stream.AbstractPipeline.evaluate(AbstractPipeline.java:234)\r\n\tat java.util.stream.ReferencePipeline.forEach(ReferencePipeline.java:418)\r\n\tat org.junit.platform.suite.engine.SuiteTestEngine.execute(SuiteTestEngine.java:73)\r\n\tat org.junit.platform.launcher.core.EngineExecutionOrchestrator.execute(EngineExecutionOrchestrator.java:147)\r\n\tat org.junit.platform.launcher.core.EngineExecutionOrchestrator.execute(EngineExecutionOrchestrator.java:127)\r\n\tat org.junit.platform.launcher.core.EngineExecutionOrchestrator.execute(EngineExecutionOrchestrator.java:90)\r\n\tat org.junit.platform.launcher.core.EngineExecutionOrchestrator.lambda$execute$0(EngineExecutionOrchestrator.java:55)\r\n\tat org.junit.platform.launcher.core.EngineExecutionOrchestrator.withInterceptedStreams(EngineExecutionOrchestrator.java:102)\r\n\tat org.junit.platform.launcher.core.EngineExecutionOrchestrator.execute(EngineExecutionOrchestrator.java:54)\r\n\tat org.junit.platform.launcher.core.DefaultLauncher.execute(DefaultLauncher.java:114)\r\n\tat org.junit.platform.launcher.core.DefaultLauncher.execute(DefaultLauncher.java:95)\r\n\tat org.junit.platform.launcher.core.DefaultLauncherSession$DelegatingLauncher.execute(DefaultLauncherSession.java:91)\r\n\tat org.junit.platform.launcher.core.SessionPerRequestLauncher.execute(SessionPerRequestLauncher.java:60)\r\n\tat org.eclipse.jdt.internal.junit5.runner.JUnit5TestReference.run(JUnit5TestReference.java:98)\r\n\tat org.eclipse.jdt.internal.junit.runner.TestExecution.run(TestExecution.java:40)\r\n\tat org.eclipse.jdt.internal.junit.runner.RemoteTestRunner.runTests(RemoteTestRunner.java:529)\r\n\tat org.eclipse.jdt.internal.junit.runner.RemoteTestRunner.runTests(RemoteTestRunner.java:756)\r\n\tat org.eclipse.jdt.internal.junit.runner.RemoteTestRunner.run(RemoteTestRunner.java:452)\r\n\tat org.eclipse.jdt.internal.junit.runner.RemoteTestRunner.main(RemoteTestRunner.java:210)\r\nCaused by: org.openqa.selenium.SessionNotCreatedException: Unable to create a new remote session. Please check the server log for more details. Original error: All non-standard capabilities should have a vendor prefix. The following capabilities did not have one: ignoreHiddenApiPolicyError\nBuild info: version: '3.141.59', revision: 'e82be7d358', time: '2018-11-14T08:17:03'\nSystem info: host: 'DESKTOP-8TBGTD1', ip: '192.168.1.14', os.name: 'Windows 10', os.arch: 'amd64', os.version: '10.0', java.version: '1.8.0_202'\nDriver info: driver.version: AppiumDriver\nremote stacktrace: InvalidArgumentError: All non-standard capabilities should have a vendor prefix. The following capabilities did not have one: ignoreHiddenApiPolicyError\n    at parseCaps (C:\\Users\\Jacoc\\AppData\\Roaming\\npm\\node_modules\\appium\\node_modules\\@appium\\base-driver\\lib\\basedriver\\capabilities.js:252:11)\n    at processCapabilities (C:\\Users\\Jacoc\\AppData\\Roaming\\npm\\node_modules\\appium\\node_modules\\@appium\\base-driver\\lib\\basedriver\\capabilities.js:332:43)\n    at parseCapsForInnerDriver (C:\\Users\\Jacoc\\AppData\\Roaming\\npm\\node_modules\\appium\\lib\\utils.js:151:40)\n    at AppiumDriver.createSession (C:\\Users\\Jacoc\\AppData\\Roaming\\npm\\node_modules\\appium\\lib\\appium.js:257:49)\n    at commandExecutor (C:\\Users\\Jacoc\\AppData\\Roaming\\npm\\node_modules\\appium\\node_modules\\@appium\\base-driver\\lib\\basedriver\\driver.ts:107:18)\n    at AppiumDriver.executeCommand (C:\\Users\\Jacoc\\AppData\\Roaming\\npm\\node_modules\\appium\\node_modules\\@appium\\base-driver\\lib\\basedriver\\driver.ts:124:15)\n    at processTicksAndRejections (node:internal/process/task_queues:95:5)\n    at defaultBehavior (C:\\Users\\Jacoc\\AppData\\Roaming\\npm\\node_modules\\appium\\lib\\appium.js:696:16)\n    at AppiumDriver.executeWrappedCommand (C:\\Users\\Jacoc\\AppData\\Roaming\\npm\\node_modules\\appium\\lib\\appium.js:806:16)\n    at AppiumDriver.executeCommand (C:\\Users\\Jacoc\\AppData\\Roaming\\npm\\node_modules\\appium\\lib\\appium.js:712:17)\n    at asyncHandler (C:\\Users\\Jacoc\\AppData\\Roaming\\npm\\node_modules\\appium\\node_modules\\@appium\\base-driver\\lib\\protocol\\protocol.js:393:19)\nBuild info: version: '3.141.59', revision: 'e82be7d358', time: '2018-11-14T08:17:03'\nSystem info: host: 'DESKTOP-8TBGTD1', ip: '192.168.1.14', os.name: 'Windows 10', os.arch: 'amd64', os.version: '10.0', java.version: '1.8.0_202'\nDriver info: driver.version: AppiumDriver\r\n\tat io.appium.java_client.remote.AppiumCommandExecutor$1.createSession(AppiumCommandExecutor.java:216)\r\n\tat io.appium.java_client.remote.AppiumCommandExecutor.createSession(AppiumCommandExecutor.java:225)\r\n\tat io.appium.java_client.remote.AppiumCommandExecutor.execute(AppiumCommandExecutor.java:250)\r\n\tat org.openqa.selenium.remote.RemoteWebDriver.execute(RemoteWebDriver.java:552)\r\n\tat io.appium.java_client.DefaultGenericMobileDriver.execute(DefaultGenericMobileDriver.java:41)\r\n\tat io.appium.java_client.AppiumDriver.execute(AppiumDriver.java:1)\r\n\tat org.openqa.selenium.remote.RemoteWebDriver.startSession(RemoteWebDriver.java:213)\r\n\tat io.appium.java_client.AppiumDriver.startSession(AppiumDriver.java:363)\r\n\tat org.openqa.selenium.remote.RemoteWebDriver.<init>(RemoteWebDriver.java:131)\r\n\tat io.appium.java_client.DefaultGenericMobileDriver.<init>(DefaultGenericMobileDriver.java:37)\r\n\tat io.appium.java_client.AppiumDriver.<init>(AppiumDriver.java:89)\r\n\tat io.appium.java_client.AppiumDriver.<init>(AppiumDriver.java:99)\r\n\tat helper.AppiumDriverHelper.generateDriver(AppiumDriverHelper.java:84)\r\n\t... 93 more\r\nCaused by: java.lang.reflect.InvocationTargetException\r\n\tat sun.reflect.NativeMethodAccessorImpl.invoke0(Native Method)\r\n\tat sun.reflect.NativeMethodAccessorImpl.invoke(NativeMethodAccessorImpl.java:62)\r\n\tat sun.reflect.DelegatingMethodAccessorImpl.invoke(DelegatingMethodAccessorImpl.java:43)\r\n\tat java.lang.reflect.Method.invoke(Method.java:498)\r\n\tat io.appium.java_client.remote.AppiumCommandExecutor$1.createSession(AppiumCommandExecutor.java:193)\r\n\t... 105 more\r\nCaused by: org.openqa.selenium.InvalidArgumentException: All non-standard capabilities should have a vendor prefix. The following capabilities did not have one: ignoreHiddenApiPolicyError\nBuild info: version: '3.141.59', revision: 'e82be7d358', time: '2018-11-14T08:17:03'\nSystem info: host: 'DESKTOP-8TBGTD1', ip: '192.168.1.14', os.name: 'Windows 10', os.arch: 'amd64', os.version: '10.0', java.version: '1.8.0_202'\nDriver info: driver.version: AppiumDriver\nremote stacktrace: InvalidArgumentError: All non-standard capabilities should have a vendor prefix. The following capabilities did not have one: ignoreHiddenApiPolicyError\n    at parseCaps (C:\\Users\\Jacoc\\AppData\\Roaming\\npm\\node_modules\\appium\\node_modules\\@appium\\base-driver\\lib\\basedriver\\capabilities.js:252:11)\n    at processCapabilities (C:\\Users\\Jacoc\\AppData\\Roaming\\npm\\node_modules\\appium\\node_modules\\@appium\\base-driver\\lib\\basedriver\\capabilities.js:332:43)\n    at parseCapsForInnerDriver (C:\\Users\\Jacoc\\AppData\\Roaming\\npm\\node_modules\\appium\\lib\\utils.js:151:40)\n    at AppiumDriver.createSession (C:\\Users\\Jacoc\\AppData\\Roaming\\npm\\node_modules\\appium\\lib\\appium.js:257:49)\n    at commandExecutor (C:\\Users\\Jacoc\\AppData\\Roaming\\npm\\node_modules\\appium\\node_modules\\@appium\\base-driver\\lib\\basedriver\\driver.ts:107:18)\n    at AppiumDriver.executeCommand (C:\\Users\\Jacoc\\AppData\\Roaming\\npm\\node_modules\\appium\\node_modules\\@appium\\base-driver\\lib\\basedriver\\driver.ts:124:15)\n    at processTicksAndRejections (node:internal/process/task_queues:95:5)\n    at defaultBehavior (C:\\Users\\Jacoc\\AppData\\Roaming\\npm\\node_modules\\appium\\lib\\appium.js:696:16)\n    at AppiumDriver.executeWrappedCommand (C:\\Users\\Jacoc\\AppData\\Roaming\\npm\\node_modules\\appium\\lib\\appium.js:806:16)\n    at AppiumDriver.executeCommand (C:\\Users\\Jacoc\\AppData\\Roaming\\npm\\node_modules\\appium\\lib\\appium.js:712:17)\n    at asyncHandler (C:\\Users\\Jacoc\\AppData\\Roaming\\npm\\node_modules\\appium\\node_modules\\@appium\\base-driver\\lib\\protocol\\protocol.js:393:19)\r\n\tat sun.reflect.NativeConstructorAccessorImpl.newInstance0(Native Method)\r\n\tat sun.reflect.NativeConstructorAccessorImpl.newInstance(NativeConstructorAccessorImpl.java:62)\r\n\tat sun.reflect.DelegatingConstructorAccessorImpl.newInstance(DelegatingConstructorAccessorImpl.java:45)\r\n\tat java.lang.reflect.Constructor.newInstance(Constructor.java:423)\r\n\tat org.openqa.selenium.remote.W3CHandshakeResponse.lambda$errorHandler$0(W3CHandshakeResponse.java:62)\r\n\tat org.openqa.selenium.remote.HandshakeResponse.lambda$getResponseFunction$0(HandshakeResponse.java:30)\r\n\tat org.openqa.selenium.remote.ProtocolHandshake.lambda$createSession$0(ProtocolHandshake.java:126)\r\n\tat java.util.stream.ReferencePipeline$3$1.accept(ReferencePipeline.java:193)\r\n\tat java.util.Spliterators$ArraySpliterator.tryAdvance(Spliterators.java:958)\r\n\tat java.util.stream.ReferencePipeline.forEachWithCancel(ReferencePipeline.java:126)\r\n\tat java.util.stream.AbstractPipeline.copyIntoWithCancel(AbstractPipeline.java:498)\r\n\tat java.util.stream.AbstractPipeline.copyInto(AbstractPipeline.java:485)\r\n\tat java.util.stream.AbstractPipeline.wrapAndCopyInto(AbstractPipeline.java:471)\r\n\tat java.util.stream.FindOps$FindOp.evaluateSequential(FindOps.java:152)\r\n\tat java.util.stream.AbstractPipeline.evaluate(AbstractPipeline.java:234)\r\n\tat java.util.stream.ReferencePipeline.findFirst(ReferencePipeline.java:464)\r\n\tat org.openqa.selenium.remote.ProtocolHandshake.createSession(ProtocolHandshake.java:128)\r\n\t... 110 more\r\n"},"stage":"finished","description":"","steps":[],"attachments":[],"parameters":[],"start":1699897696777,"stop":1699897697802}